2024-11-06 14:22:40,105 DEBUG    root            Loaded Command Group: ['gcloud', 'components']
2024-11-06 14:22:40,109 DEBUG    root            Loaded Command Group: ['gcloud', 'components', 'update']
2024-11-06 14:22:40,113 DEBUG    root            Running [gcloud.components.update] with arguments: [--compile-python: "True", --quiet: "True", COMPONENT-IDS:6: "['core', 'gcloud-deps', 'bq', 'gcloud', 'gcloud-crc32c', 'gsutil']"]
2024-11-06 14:22:40,114 INFO     ___FILE_ONLY___ Beginning update. This process may take several minutes.

2024-11-06 14:22:40,148 DEBUG    urllib3.connectionpool Starting new HTTPS connection (1): dl.google.com:443
2024-11-06 14:22:40,216 DEBUG    urllib3.connectionpool https://dl.google.com:443 "GET /dl/cloudsdk/channels/rapid/components-2.json HTTP/1.1" 200 226997
2024-11-06 14:22:40,237 INFO     ___FILE_ONLY___ 

2024-11-06 14:22:40,237 INFO     ___FILE_ONLY___ 
Your current Google Cloud CLI version is: 499.0.0

2024-11-06 14:22:40,238 INFO     ___FILE_ONLY___ Installing components from version: 499.0.0

2024-11-06 14:22:40,238 INFO     ___FILE_ONLY___ 

2024-11-06 14:22:40,238 DEBUG    root            Chosen display Format:table[box,title="These components will be removed."](details.display_name:label=Name:align=left,version.version_string:label=Version:align=right,data.size.size(zero="",min=1048576):label=Size:align=right)
2024-11-06 14:22:40,239 DEBUG    root            Chosen display Format:table[box,title="These components will be updated."](details.display_name:label=Name:align=left,version.version_string:label=Version:align=right,data.size.size(zero="",min=1048576):label=Size:align=right)
2024-11-06 14:22:40,239 DEBUG    root            Chosen display Format:table[box,title="These components will be installed."](details.display_name:label=Name:align=left,version.version_string:label=Version:align=right,data.size.size(zero="",min=1048576):label=Size:align=right)
2024-11-06 14:22:40,287 INFO     ___FILE_ONLY___ ┌─────────────────────────────────────────────────────────────────────────────┐
2024-11-06 14:22:40,287 INFO     ___FILE_ONLY___ 

2024-11-06 14:22:40,288 INFO     ___FILE_ONLY___ │                     These components will be installed.                     │
2024-11-06 14:22:40,288 INFO     ___FILE_ONLY___ 

2024-11-06 14:22:40,288 INFO     ___FILE_ONLY___ ├─────────────────────────────────────────────────────┬────────────┬──────────┤
2024-11-06 14:22:40,288 INFO     ___FILE_ONLY___ 

2024-11-06 14:22:40,288 INFO     ___FILE_ONLY___ │                         Name                        │  Version   │   Size   │
2024-11-06 14:22:40,288 INFO     ___FILE_ONLY___ 

2024-11-06 14:22:40,288 INFO     ___FILE_ONLY___ ├─────────────────────────────────────────────────────┼────────────┼──────────┤
2024-11-06 14:22:40,288 INFO     ___FILE_ONLY___ 

2024-11-06 14:22:40,288 INFO     ___FILE_ONLY___ │ 
2024-11-06 14:22:40,288 INFO     ___FILE_ONLY___ BigQuery Command Line Tool                         
2024-11-06 14:22:40,288 INFO     ___FILE_ONLY___  
2024-11-06 14:22:40,288 INFO     ___FILE_ONLY___ │ 
2024-11-06 14:22:40,288 INFO     ___FILE_ONLY___      2.1.9
2024-11-06 14:22:40,289 INFO     ___FILE_ONLY___  
2024-11-06 14:22:40,289 INFO     ___FILE_ONLY___ │ 
2024-11-06 14:22:40,289 INFO     ___FILE_ONLY___  1.7 MiB
2024-11-06 14:22:40,289 INFO     ___FILE_ONLY___  
2024-11-06 14:22:40,289 INFO     ___FILE_ONLY___ │
2024-11-06 14:22:40,289 INFO     ___FILE_ONLY___ 

2024-11-06 14:22:40,289 INFO     ___FILE_ONLY___ │ 
2024-11-06 14:22:40,289 INFO     ___FILE_ONLY___ BigQuery Command Line Tool (Platform Specific)     
2024-11-06 14:22:40,289 INFO     ___FILE_ONLY___  
2024-11-06 14:22:40,289 INFO     ___FILE_ONLY___ │ 
2024-11-06 14:22:40,289 INFO     ___FILE_ONLY___      2.1.8
2024-11-06 14:22:40,289 INFO     ___FILE_ONLY___  
2024-11-06 14:22:40,289 INFO     ___FILE_ONLY___ │ 
2024-11-06 14:22:40,289 INFO     ___FILE_ONLY___  < 1 MiB
2024-11-06 14:22:40,290 INFO     ___FILE_ONLY___  
2024-11-06 14:22:40,290 INFO     ___FILE_ONLY___ │
2024-11-06 14:22:40,290 INFO     ___FILE_ONLY___ 

2024-11-06 14:22:40,290 INFO     ___FILE_ONLY___ │ 
2024-11-06 14:22:40,290 INFO     ___FILE_ONLY___ Bundled Python 3.11 (Platform Specific)            
2024-11-06 14:22:40,290 INFO     ___FILE_ONLY___  
2024-11-06 14:22:40,290 INFO     ___FILE_ONLY___ │ 
2024-11-06 14:22:40,290 INFO     ___FILE_ONLY___     3.11.9
2024-11-06 14:22:40,290 INFO     ___FILE_ONLY___  
2024-11-06 14:22:40,290 INFO     ___FILE_ONLY___ │ 
2024-11-06 14:22:40,290 INFO     ___FILE_ONLY___ 74.4 MiB
2024-11-06 14:22:40,290 INFO     ___FILE_ONLY___  
2024-11-06 14:22:40,290 INFO     ___FILE_ONLY___ │
2024-11-06 14:22:40,290 INFO     ___FILE_ONLY___ 

2024-11-06 14:22:40,291 INFO     ___FILE_ONLY___ │ 
2024-11-06 14:22:40,291 INFO     ___FILE_ONLY___ Cloud Storage Command Line Tool                    
2024-11-06 14:22:40,291 INFO     ___FILE_ONLY___  
2024-11-06 14:22:40,291 INFO     ___FILE_ONLY___ │ 
2024-11-06 14:22:40,291 INFO     ___FILE_ONLY___       5.31
2024-11-06 14:22:40,291 INFO     ___FILE_ONLY___  
2024-11-06 14:22:40,291 INFO     ___FILE_ONLY___ │ 
2024-11-06 14:22:40,291 INFO     ___FILE_ONLY___ 11.3 MiB
2024-11-06 14:22:40,291 INFO     ___FILE_ONLY___  
2024-11-06 14:22:40,291 INFO     ___FILE_ONLY___ │
2024-11-06 14:22:40,291 INFO     ___FILE_ONLY___ 

2024-11-06 14:22:40,291 INFO     ___FILE_ONLY___ │ 
2024-11-06 14:22:40,291 INFO     ___FILE_ONLY___ Cloud Storage Command Line Tool (Platform Specific)
2024-11-06 14:22:40,291 INFO     ___FILE_ONLY___  
2024-11-06 14:22:40,291 INFO     ___FILE_ONLY___ │ 
2024-11-06 14:22:40,292 INFO     ___FILE_ONLY___       5.30
2024-11-06 14:22:40,292 INFO     ___FILE_ONLY___  
2024-11-06 14:22:40,292 INFO     ___FILE_ONLY___ │ 
2024-11-06 14:22:40,292 INFO     ___FILE_ONLY___  < 1 MiB
2024-11-06 14:22:40,292 INFO     ___FILE_ONLY___  
2024-11-06 14:22:40,292 INFO     ___FILE_ONLY___ │
2024-11-06 14:22:40,292 INFO     ___FILE_ONLY___ 

2024-11-06 14:22:40,292 INFO     ___FILE_ONLY___ │ 
2024-11-06 14:22:40,292 INFO     ___FILE_ONLY___ Google Cloud CLI Core Libraries (Platform Specific)
2024-11-06 14:22:40,292 INFO     ___FILE_ONLY___  
2024-11-06 14:22:40,292 INFO     ___FILE_ONLY___ │ 
2024-11-06 14:22:40,292 INFO     ___FILE_ONLY___ 2024.08.30
2024-11-06 14:22:40,292 INFO     ___FILE_ONLY___  
2024-11-06 14:22:40,292 INFO     ___FILE_ONLY___ │ 
2024-11-06 14:22:40,293 INFO     ___FILE_ONLY___  < 1 MiB
2024-11-06 14:22:40,293 INFO     ___FILE_ONLY___  
2024-11-06 14:22:40,293 INFO     ___FILE_ONLY___ │
2024-11-06 14:22:40,293 INFO     ___FILE_ONLY___ 

2024-11-06 14:22:40,293 INFO     ___FILE_ONLY___ │ 
2024-11-06 14:22:40,293 INFO     ___FILE_ONLY___ Google Cloud CRC32C Hash Tool (Platform Specific)  
2024-11-06 14:22:40,293 INFO     ___FILE_ONLY___  
2024-11-06 14:22:40,293 INFO     ___FILE_ONLY___ │ 
2024-11-06 14:22:40,293 INFO     ___FILE_ONLY___      1.0.0
2024-11-06 14:22:40,293 INFO     ___FILE_ONLY___  
2024-11-06 14:22:40,293 INFO     ___FILE_ONLY___ │ 
2024-11-06 14:22:40,293 INFO     ___FILE_ONLY___  1.3 MiB
2024-11-06 14:22:40,293 INFO     ___FILE_ONLY___  
2024-11-06 14:22:40,293 INFO     ___FILE_ONLY___ │
2024-11-06 14:22:40,294 INFO     ___FILE_ONLY___ 

2024-11-06 14:22:40,294 INFO     ___FILE_ONLY___ │ 
2024-11-06 14:22:40,294 INFO     ___FILE_ONLY___ gcloud cli dependencies (Platform Specific)        
2024-11-06 14:22:40,294 INFO     ___FILE_ONLY___  
2024-11-06 14:22:40,294 INFO     ___FILE_ONLY___ │ 
2024-11-06 14:22:40,294 INFO     ___FILE_ONLY___ 2021.04.16
2024-11-06 14:22:40,294 INFO     ___FILE_ONLY___  
2024-11-06 14:22:40,294 INFO     ___FILE_ONLY___ │ 
2024-11-06 14:22:40,294 INFO     ___FILE_ONLY___  < 1 MiB
2024-11-06 14:22:40,294 INFO     ___FILE_ONLY___  
2024-11-06 14:22:40,294 INFO     ___FILE_ONLY___ │
2024-11-06 14:22:40,294 INFO     ___FILE_ONLY___ 

2024-11-06 14:22:40,294 INFO     ___FILE_ONLY___ └─────────────────────────────────────────────────────┴────────────┴──────────┘
2024-11-06 14:22:40,294 INFO     ___FILE_ONLY___ 

2024-11-06 14:22:40,295 INFO     ___FILE_ONLY___ 

2024-11-06 14:22:40,298 DEBUG    urllib3.connectionpool Starting new HTTPS connection (1): dl.google.com:443
2024-11-06 14:22:40,365 DEBUG    urllib3.connectionpool https://dl.google.com:443 "GET /dl/cloudsdk/channels/rapid/RELEASE_NOTES HTTP/1.1" 200 1304192
2024-11-06 14:22:40,433 INFO     ___FILE_ONLY___ For the latest full release notes, please visit:
  https://cloud.google.com/sdk/release_notes


2024-11-06 14:22:40,434 INFO     ___FILE_ONLY___ Performing in place update...


2024-11-06 14:22:40,436 INFO     ___FILE_ONLY___ ╔════════════════════════════════════════════════════════════╗

2024-11-06 14:22:40,436 INFO     ___FILE_ONLY___ ╠═ Downloading: BigQuery Command Line Tool                  ═╣

2024-11-06 14:22:40,436 INFO     ___FILE_ONLY___ ╚
2024-11-06 14:22:40,440 DEBUG    urllib3.connectionpool Starting new HTTPS connection (1): dl.google.com:443
2024-11-06 14:22:40,506 DEBUG    urllib3.connectionpool https://dl.google.com:443 "GET /dl/cloudsdk/channels/rapid/components/google-cloud-sdk-bq-20241011151610.tar.gz HTTP/1.1" 200 1831026
2024-11-06 14:22:40,524 INFO     ___FILE_ONLY___ ═
2024-11-06 14:22:40,524 INFO     ___FILE_ONLY___ ═
2024-11-06 14:22:40,524 INFO     ___FILE_ONLY___ ═
2024-11-06 14:22:40,524 INFO     ___FILE_ONLY___ ═
2024-11-06 14:22:40,524 INFO     ___FILE_ONLY___ ═
2024-11-06 14:22:40,524 INFO     ___FILE_ONLY___ ═
2024-11-06 14:22:40,525 INFO     ___FILE_ONLY___ ═
2024-11-06 14:22:40,525 INFO     ___FILE_ONLY___ ═
2024-11-06 14:22:40,525 INFO     ___FILE_ONLY___ ═
2024-11-06 14:22:40,525 INFO     ___FILE_ONLY___ ═
2024-11-06 14:22:40,525 INFO     ___FILE_ONLY___ ═
2024-11-06 14:22:40,525 INFO     ___FILE_ONLY___ ═
2024-11-06 14:22:40,525 INFO     ___FILE_ONLY___ ═
2024-11-06 14:22:40,525 INFO     ___FILE_ONLY___ ═
2024-11-06 14:22:40,525 INFO     ___FILE_ONLY___ ═
2024-11-06 14:22:40,526 INFO     ___FILE_ONLY___ ═
2024-11-06 14:22:40,526 INFO     ___FILE_ONLY___ ═
2024-11-06 14:22:40,526 INFO     ___FILE_ONLY___ ═
2024-11-06 14:22:40,526 INFO     ___FILE_ONLY___ ═
2024-11-06 14:22:40,526 INFO     ___FILE_ONLY___ ═
2024-11-06 14:22:40,526 INFO     ___FILE_ONLY___ ═
2024-11-06 14:22:40,526 INFO     ___FILE_ONLY___ ═
2024-11-06 14:22:40,526 INFO     ___FILE_ONLY___ ═
2024-11-06 14:22:40,527 INFO     ___FILE_ONLY___ ═
2024-11-06 14:22:40,527 INFO     ___FILE_ONLY___ ═
2024-11-06 14:22:40,527 INFO     ___FILE_ONLY___ ═
2024-11-06 14:22:40,527 INFO     ___FILE_ONLY___ ═
2024-11-06 14:22:40,527 INFO     ___FILE_ONLY___ ═
2024-11-06 14:22:40,527 INFO     ___FILE_ONLY___ ═
2024-11-06 14:22:40,527 INFO     ___FILE_ONLY___ ═
2024-11-06 14:22:40,527 INFO     ___FILE_ONLY___ ═
2024-11-06 14:22:40,527 INFO     ___FILE_ONLY___ ═
2024-11-06 14:22:40,528 INFO     ___FILE_ONLY___ ═
2024-11-06 14:22:40,528 INFO     ___FILE_ONLY___ ═
2024-11-06 14:22:40,528 INFO     ___FILE_ONLY___ ═
2024-11-06 14:22:40,528 INFO     ___FILE_ONLY___ ═
2024-11-06 14:22:40,528 INFO     ___FILE_ONLY___ ═
2024-11-06 14:22:40,528 INFO     ___FILE_ONLY___ ═
2024-11-06 14:22:40,528 INFO     ___FILE_ONLY___ ═
2024-11-06 14:22:40,528 INFO     ___FILE_ONLY___ ═
2024-11-06 14:22:40,529 INFO     ___FILE_ONLY___ ═
2024-11-06 14:22:40,529 INFO     ___FILE_ONLY___ ═
2024-11-06 14:22:40,529 INFO     ___FILE_ONLY___ ═
2024-11-06 14:22:40,529 INFO     ___FILE_ONLY___ ═
2024-11-06 14:22:40,529 INFO     ___FILE_ONLY___ ═
2024-11-06 14:22:40,529 INFO     ___FILE_ONLY___ ═
2024-11-06 14:22:40,529 INFO     ___FILE_ONLY___ ═
2024-11-06 14:22:40,529 INFO     ___FILE_ONLY___ ═
2024-11-06 14:22:40,530 INFO     ___FILE_ONLY___ ═
2024-11-06 14:22:40,530 INFO     ___FILE_ONLY___ ═
2024-11-06 14:22:40,530 INFO     ___FILE_ONLY___ ═
2024-11-06 14:22:40,530 INFO     ___FILE_ONLY___ ═
2024-11-06 14:22:40,530 INFO     ___FILE_ONLY___ ═
2024-11-06 14:22:40,530 INFO     ___FILE_ONLY___ ═
2024-11-06 14:22:40,530 INFO     ___FILE_ONLY___ ═
2024-11-06 14:22:40,530 INFO     ___FILE_ONLY___ ═
2024-11-06 14:22:40,530 INFO     ___FILE_ONLY___ ═
2024-11-06 14:22:40,531 INFO     ___FILE_ONLY___ ═
2024-11-06 14:22:40,531 INFO     ___FILE_ONLY___ ═
2024-11-06 14:22:40,531 INFO     ___FILE_ONLY___ ═
2024-11-06 14:22:40,531 INFO     ___FILE_ONLY___ ╝

2024-11-06 14:22:40,533 INFO     ___FILE_ONLY___ ╔════════════════════════════════════════════════════════════╗

2024-11-06 14:22:40,533 INFO     ___FILE_ONLY___ ╠═ Downloading: BigQuery Command Line Tool (Platform Spe... ═╣

2024-11-06 14:22:40,533 INFO     ___FILE_ONLY___ ╚
2024-11-06 14:22:40,537 DEBUG    urllib3.connectionpool Starting new HTTPS connection (1): dl.google.com:443
2024-11-06 14:22:40,631 DEBUG    urllib3.connectionpool https://dl.google.com:443 "GET /dl/cloudsdk/channels/rapid/components/google-cloud-sdk-bq-nix-20240830134514.tar.gz HTTP/1.1" 200 1914
2024-11-06 14:22:40,632 INFO     ___FILE_ONLY___ ════════════════════════════════════════════════════════════
2024-11-06 14:22:40,632 INFO     ___FILE_ONLY___ ╝

2024-11-06 14:22:40,634 INFO     ___FILE_ONLY___ ╔════════════════════════════════════════════════════════════╗

2024-11-06 14:22:40,634 INFO     ___FILE_ONLY___ ╠═ Downloading: Bundled Python 3.11                         ═╣

2024-11-06 14:22:40,635 INFO     ___FILE_ONLY___ ╚
2024-11-06 14:22:40,635 INFO     ___FILE_ONLY___ ════════════════════════════════════════════════════════════
2024-11-06 14:22:40,635 INFO     ___FILE_ONLY___ ╝

2024-11-06 14:22:40,637 INFO     ___FILE_ONLY___ ╔════════════════════════════════════════════════════════════╗

2024-11-06 14:22:40,637 INFO     ___FILE_ONLY___ ╠═ Downloading: Bundled Python 3.11 (Platform Specific)     ═╣

2024-11-06 14:22:40,637 INFO     ___FILE_ONLY___ ╚
2024-11-06 14:22:40,641 DEBUG    urllib3.connectionpool Starting new HTTPS connection (1): dl.google.com:443
2024-11-06 14:22:40,702 DEBUG    urllib3.connectionpool https://dl.google.com:443 "GET /dl/cloudsdk/channels/rapid/components/google-cloud-sdk-bundled-python3-unix-linux-x86_64-20240920144119.tar.gz HTTP/1.1" 200 78001783
2024-11-06 14:22:41,024 INFO     ___FILE_ONLY___ ═
2024-11-06 14:22:41,026 INFO     ___FILE_ONLY___ ═
2024-11-06 14:22:41,028 INFO     ___FILE_ONLY___ ═
2024-11-06 14:22:41,030 INFO     ___FILE_ONLY___ ═
2024-11-06 14:22:41,032 INFO     ___FILE_ONLY___ ═
2024-11-06 14:22:41,033 INFO     ___FILE_ONLY___ ═
2024-11-06 14:22:41,035 INFO     ___FILE_ONLY___ ═
2024-11-06 14:22:41,037 INFO     ___FILE_ONLY___ ═
2024-11-06 14:22:41,039 INFO     ___FILE_ONLY___ ═
2024-11-06 14:22:41,041 INFO     ___FILE_ONLY___ ═
2024-11-06 14:22:41,043 INFO     ___FILE_ONLY___ ═
2024-11-06 14:22:41,045 INFO     ___FILE_ONLY___ ═
2024-11-06 14:22:41,046 INFO     ___FILE_ONLY___ ═
2024-11-06 14:22:41,048 INFO     ___FILE_ONLY___ ═
2024-11-06 14:22:41,050 INFO     ___FILE_ONLY___ ═
2024-11-06 14:22:41,052 INFO     ___FILE_ONLY___ ═
2024-11-06 14:22:41,054 INFO     ___FILE_ONLY___ ═
2024-11-06 14:22:41,056 INFO     ___FILE_ONLY___ ═
2024-11-06 14:22:41,058 INFO     ___FILE_ONLY___ ═
2024-11-06 14:22:41,059 INFO     ___FILE_ONLY___ ═
2024-11-06 14:22:41,061 INFO     ___FILE_ONLY___ ═
2024-11-06 14:22:41,063 INFO     ___FILE_ONLY___ ═
2024-11-06 14:22:41,065 INFO     ___FILE_ONLY___ ═
2024-11-06 14:22:41,067 INFO     ___FILE_ONLY___ ═
2024-11-06 14:22:41,069 INFO     ___FILE_ONLY___ ═
2024-11-06 14:22:41,070 INFO     ___FILE_ONLY___ ═
2024-11-06 14:22:41,072 INFO     ___FILE_ONLY___ ═
2024-11-06 14:22:41,074 INFO     ___FILE_ONLY___ ═
2024-11-06 14:22:41,076 INFO     ___FILE_ONLY___ ═
2024-11-06 14:22:41,078 INFO     ___FILE_ONLY___ ═
2024-11-06 14:22:41,079 INFO     ___FILE_ONLY___ ═
2024-11-06 14:22:41,081 INFO     ___FILE_ONLY___ ═
2024-11-06 14:22:41,083 INFO     ___FILE_ONLY___ ═
2024-11-06 14:22:41,085 INFO     ___FILE_ONLY___ ═
2024-11-06 14:22:41,087 INFO     ___FILE_ONLY___ ═
2024-11-06 14:22:41,088 INFO     ___FILE_ONLY___ ═
2024-11-06 14:22:41,090 INFO     ___FILE_ONLY___ ═
2024-11-06 14:22:41,092 INFO     ___FILE_ONLY___ ═
2024-11-06 14:22:41,094 INFO     ___FILE_ONLY___ ═
2024-11-06 14:22:41,095 INFO     ___FILE_ONLY___ ═
2024-11-06 14:22:41,097 INFO     ___FILE_ONLY___ ═
2024-11-06 14:22:41,099 INFO     ___FILE_ONLY___ ═
2024-11-06 14:22:41,101 INFO     ___FILE_ONLY___ ═
2024-11-06 14:22:41,103 INFO     ___FILE_ONLY___ ═
2024-11-06 14:22:41,104 INFO     ___FILE_ONLY___ ═
2024-11-06 14:22:41,106 INFO     ___FILE_ONLY___ ═
2024-11-06 14:22:41,108 INFO     ___FILE_ONLY___ ═
2024-11-06 14:22:41,110 INFO     ___FILE_ONLY___ ═
2024-11-06 14:22:41,111 INFO     ___FILE_ONLY___ ═
2024-11-06 14:22:41,113 INFO     ___FILE_ONLY___ ═
2024-11-06 14:22:41,115 INFO     ___FILE_ONLY___ ═
2024-11-06 14:22:41,117 INFO     ___FILE_ONLY___ ═
2024-11-06 14:22:41,118 INFO     ___FILE_ONLY___ ═
2024-11-06 14:22:41,120 INFO     ___FILE_ONLY___ ═
2024-11-06 14:22:41,122 INFO     ___FILE_ONLY___ ═
2024-11-06 14:22:41,124 INFO     ___FILE_ONLY___ ═
2024-11-06 14:22:41,125 INFO     ___FILE_ONLY___ ═
2024-11-06 14:22:41,127 INFO     ___FILE_ONLY___ ═
2024-11-06 14:22:41,129 INFO     ___FILE_ONLY___ ═
2024-11-06 14:22:41,131 INFO     ___FILE_ONLY___ ═
2024-11-06 14:22:41,131 INFO     ___FILE_ONLY___ ╝

2024-11-06 14:22:41,134 INFO     ___FILE_ONLY___ ╔════════════════════════════════════════════════════════════╗

2024-11-06 14:22:41,134 INFO     ___FILE_ONLY___ ╠═ Downloading: Cloud Storage Command Line Tool             ═╣

2024-11-06 14:22:41,134 INFO     ___FILE_ONLY___ ╚
2024-11-06 14:22:41,143 DEBUG    urllib3.connectionpool Starting new HTTPS connection (1): dl.google.com:443
2024-11-06 14:22:41,209 DEBUG    urllib3.connectionpool https://dl.google.com:443 "GET /dl/cloudsdk/channels/rapid/components/google-cloud-sdk-gsutil-20241011151610.tar.gz HTTP/1.1" 200 11831021
2024-11-06 14:22:41,261 INFO     ___FILE_ONLY___ ═
2024-11-06 14:22:41,262 INFO     ___FILE_ONLY___ ═
2024-11-06 14:22:41,262 INFO     ___FILE_ONLY___ ═
2024-11-06 14:22:41,262 INFO     ___FILE_ONLY___ ═
2024-11-06 14:22:41,263 INFO     ___FILE_ONLY___ ═
2024-11-06 14:22:41,263 INFO     ___FILE_ONLY___ ═
2024-11-06 14:22:41,263 INFO     ___FILE_ONLY___ ═
2024-11-06 14:22:41,264 INFO     ___FILE_ONLY___ ═
2024-11-06 14:22:41,264 INFO     ___FILE_ONLY___ ═
2024-11-06 14:22:41,264 INFO     ___FILE_ONLY___ ═
2024-11-06 14:22:41,265 INFO     ___FILE_ONLY___ ═
2024-11-06 14:22:41,265 INFO     ___FILE_ONLY___ ═
2024-11-06 14:22:41,265 INFO     ___FILE_ONLY___ ═
2024-11-06 14:22:41,266 INFO     ___FILE_ONLY___ ═
2024-11-06 14:22:41,266 INFO     ___FILE_ONLY___ ═
2024-11-06 14:22:41,266 INFO     ___FILE_ONLY___ ═
2024-11-06 14:22:41,267 INFO     ___FILE_ONLY___ ═
2024-11-06 14:22:41,267 INFO     ___FILE_ONLY___ ═
2024-11-06 14:22:41,267 INFO     ___FILE_ONLY___ ═
2024-11-06 14:22:41,268 INFO     ___FILE_ONLY___ ═
2024-11-06 14:22:41,268 INFO     ___FILE_ONLY___ ═
2024-11-06 14:22:41,268 INFO     ___FILE_ONLY___ ═
2024-11-06 14:22:41,269 INFO     ___FILE_ONLY___ ═
2024-11-06 14:22:41,269 INFO     ___FILE_ONLY___ ═
2024-11-06 14:22:41,269 INFO     ___FILE_ONLY___ ═
2024-11-06 14:22:41,270 INFO     ___FILE_ONLY___ ═
2024-11-06 14:22:41,270 INFO     ___FILE_ONLY___ ═
2024-11-06 14:22:41,270 INFO     ___FILE_ONLY___ ═
2024-11-06 14:22:41,271 INFO     ___FILE_ONLY___ ═
2024-11-06 14:22:41,271 INFO     ___FILE_ONLY___ ═
2024-11-06 14:22:41,271 INFO     ___FILE_ONLY___ ═
2024-11-06 14:22:41,272 INFO     ___FILE_ONLY___ ═
2024-11-06 14:22:41,272 INFO     ___FILE_ONLY___ ═
2024-11-06 14:22:41,272 INFO     ___FILE_ONLY___ ═
2024-11-06 14:22:41,273 INFO     ___FILE_ONLY___ ═
2024-11-06 14:22:41,273 INFO     ___FILE_ONLY___ ═
2024-11-06 14:22:41,273 INFO     ___FILE_ONLY___ ═
2024-11-06 14:22:41,274 INFO     ___FILE_ONLY___ ═
2024-11-06 14:22:41,274 INFO     ___FILE_ONLY___ ═
2024-11-06 14:22:41,275 INFO     ___FILE_ONLY___ ═
2024-11-06 14:22:41,275 INFO     ___FILE_ONLY___ ═
2024-11-06 14:22:41,275 INFO     ___FILE_ONLY___ ═
2024-11-06 14:22:41,276 INFO     ___FILE_ONLY___ ═
2024-11-06 14:22:41,276 INFO     ___FILE_ONLY___ ═
2024-11-06 14:22:41,276 INFO     ___FILE_ONLY___ ═
2024-11-06 14:22:41,277 INFO     ___FILE_ONLY___ ═
2024-11-06 14:22:41,277 INFO     ___FILE_ONLY___ ═
2024-11-06 14:22:41,277 INFO     ___FILE_ONLY___ ═
2024-11-06 14:22:41,278 INFO     ___FILE_ONLY___ ═
2024-11-06 14:22:41,278 INFO     ___FILE_ONLY___ ═
2024-11-06 14:22:41,278 INFO     ___FILE_ONLY___ ═
2024-11-06 14:22:41,279 INFO     ___FILE_ONLY___ ═
2024-11-06 14:22:41,279 INFO     ___FILE_ONLY___ ═
2024-11-06 14:22:41,279 INFO     ___FILE_ONLY___ ═
2024-11-06 14:22:41,280 INFO     ___FILE_ONLY___ ═
2024-11-06 14:22:41,280 INFO     ___FILE_ONLY___ ═
2024-11-06 14:22:41,280 INFO     ___FILE_ONLY___ ═
2024-11-06 14:22:41,281 INFO     ___FILE_ONLY___ ═
2024-11-06 14:22:41,281 INFO     ___FILE_ONLY___ ═
2024-11-06 14:22:41,281 INFO     ___FILE_ONLY___ ═
2024-11-06 14:22:41,282 INFO     ___FILE_ONLY___ ╝

2024-11-06 14:22:41,284 INFO     ___FILE_ONLY___ ╔════════════════════════════════════════════════════════════╗

2024-11-06 14:22:41,285 INFO     ___FILE_ONLY___ ╠═ Downloading: Cloud Storage Command Line Tool (Platfor... ═╣

2024-11-06 14:22:41,285 INFO     ___FILE_ONLY___ ╚
2024-11-06 14:22:41,288 DEBUG    urllib3.connectionpool Starting new HTTPS connection (1): dl.google.com:443
2024-11-06 14:22:41,353 DEBUG    urllib3.connectionpool https://dl.google.com:443 "GET /dl/cloudsdk/channels/rapid/components/google-cloud-sdk-gsutil-nix-20240830134514.tar.gz HTTP/1.1" 200 1928
2024-11-06 14:22:41,354 INFO     ___FILE_ONLY___ ════════════════════════════════════════════════════════════
2024-11-06 14:22:41,354 INFO     ___FILE_ONLY___ ╝

2024-11-06 14:22:41,356 INFO     ___FILE_ONLY___ ╔════════════════════════════════════════════════════════════╗

2024-11-06 14:22:41,356 INFO     ___FILE_ONLY___ ╠═ Downloading: Default set of gcloud commands              ═╣

2024-11-06 14:22:41,357 INFO     ___FILE_ONLY___ ╚
2024-11-06 14:22:41,357 INFO     ___FILE_ONLY___ ════════════════════════════════════════════════════════════
2024-11-06 14:22:41,357 INFO     ___FILE_ONLY___ ╝

2024-11-06 14:22:41,359 INFO     ___FILE_ONLY___ ╔════════════════════════════════════════════════════════════╗

2024-11-06 14:22:41,359 INFO     ___FILE_ONLY___ ╠═ Downloading: Google Cloud CLI Core Libraries (Platfor... ═╣

2024-11-06 14:22:41,359 INFO     ___FILE_ONLY___ ╚
2024-11-06 14:22:41,362 DEBUG    urllib3.connectionpool Starting new HTTPS connection (1): dl.google.com:443
2024-11-06 14:22:41,426 DEBUG    urllib3.connectionpool https://dl.google.com:443 "GET /dl/cloudsdk/channels/rapid/components/google-cloud-sdk-core-nix-20240830134514.tar.gz HTTP/1.1" 200 2306
2024-11-06 14:22:41,427 INFO     ___FILE_ONLY___ ════════════════════════════════════════════════════════════
2024-11-06 14:22:41,427 INFO     ___FILE_ONLY___ ╝

2024-11-06 14:22:41,429 INFO     ___FILE_ONLY___ ╔════════════════════════════════════════════════════════════╗

2024-11-06 14:22:41,429 INFO     ___FILE_ONLY___ ╠═ Downloading: Google Cloud CRC32C Hash Tool               ═╣

2024-11-06 14:22:41,429 INFO     ___FILE_ONLY___ ╚
2024-11-06 14:22:41,429 INFO     ___FILE_ONLY___ ════════════════════════════════════════════════════════════
2024-11-06 14:22:41,429 INFO     ___FILE_ONLY___ ╝

2024-11-06 14:22:41,431 INFO     ___FILE_ONLY___ ╔════════════════════════════════════════════════════════════╗

2024-11-06 14:22:41,431 INFO     ___FILE_ONLY___ ╠═ Downloading: Google Cloud CRC32C Hash Tool (Platform ... ═╣

2024-11-06 14:22:41,431 INFO     ___FILE_ONLY___ ╚
2024-11-06 14:22:41,435 DEBUG    urllib3.connectionpool Starting new HTTPS connection (1): dl.google.com:443
2024-11-06 14:22:41,500 DEBUG    urllib3.connectionpool https://dl.google.com:443 "GET /dl/cloudsdk/channels/rapid/components/google-cloud-sdk-gcloud-crc32c-linux-x86_64-20240712142834.tar.gz HTTP/1.1" 200 1350263
2024-11-06 14:22:41,511 INFO     ___FILE_ONLY___ ═
2024-11-06 14:22:41,511 INFO     ___FILE_ONLY___ ═
2024-11-06 14:22:41,511 INFO     ___FILE_ONLY___ ═
2024-11-06 14:22:41,511 INFO     ___FILE_ONLY___ ═
2024-11-06 14:22:41,511 INFO     ___FILE_ONLY___ ═
2024-11-06 14:22:41,511 INFO     ___FILE_ONLY___ ═
2024-11-06 14:22:41,512 INFO     ___FILE_ONLY___ ═
2024-11-06 14:22:41,512 INFO     ___FILE_ONLY___ ═
2024-11-06 14:22:41,512 INFO     ___FILE_ONLY___ ═
2024-11-06 14:22:41,512 INFO     ___FILE_ONLY___ ═
2024-11-06 14:22:41,512 INFO     ___FILE_ONLY___ ═
2024-11-06 14:22:41,512 INFO     ___FILE_ONLY___ ═
2024-11-06 14:22:41,512 INFO     ___FILE_ONLY___ ═
2024-11-06 14:22:41,512 INFO     ___FILE_ONLY___ ═
2024-11-06 14:22:41,512 INFO     ___FILE_ONLY___ ═
2024-11-06 14:22:41,513 INFO     ___FILE_ONLY___ ═
2024-11-06 14:22:41,513 INFO     ___FILE_ONLY___ ═
2024-11-06 14:22:41,513 INFO     ___FILE_ONLY___ ═
2024-11-06 14:22:41,513 INFO     ___FILE_ONLY___ ═
2024-11-06 14:22:41,513 INFO     ___FILE_ONLY___ ═
2024-11-06 14:22:41,513 INFO     ___FILE_ONLY___ ═
2024-11-06 14:22:41,513 INFO     ___FILE_ONLY___ ═
2024-11-06 14:22:41,513 INFO     ___FILE_ONLY___ ═
2024-11-06 14:22:41,513 INFO     ___FILE_ONLY___ ═
2024-11-06 14:22:41,513 INFO     ___FILE_ONLY___ ═
2024-11-06 14:22:41,514 INFO     ___FILE_ONLY___ ═
2024-11-06 14:22:41,514 INFO     ___FILE_ONLY___ ═
2024-11-06 14:22:41,514 INFO     ___FILE_ONLY___ ═
2024-11-06 14:22:41,514 INFO     ___FILE_ONLY___ ═
2024-11-06 14:22:41,514 INFO     ___FILE_ONLY___ ═
2024-11-06 14:22:41,514 INFO     ___FILE_ONLY___ ═
2024-11-06 14:22:41,514 INFO     ___FILE_ONLY___ ═
2024-11-06 14:22:41,514 INFO     ___FILE_ONLY___ ═
2024-11-06 14:22:41,514 INFO     ___FILE_ONLY___ ═
2024-11-06 14:22:41,515 INFO     ___FILE_ONLY___ ═
2024-11-06 14:22:41,515 INFO     ___FILE_ONLY___ ═
2024-11-06 14:22:41,515 INFO     ___FILE_ONLY___ ═
2024-11-06 14:22:41,515 INFO     ___FILE_ONLY___ ═
2024-11-06 14:22:41,515 INFO     ___FILE_ONLY___ ═
2024-11-06 14:22:41,515 INFO     ___FILE_ONLY___ ═
2024-11-06 14:22:41,515 INFO     ___FILE_ONLY___ ═
2024-11-06 14:22:41,515 INFO     ___FILE_ONLY___ ═
2024-11-06 14:22:41,515 INFO     ___FILE_ONLY___ ═
2024-11-06 14:22:41,515 INFO     ___FILE_ONLY___ ═
2024-11-06 14:22:41,516 INFO     ___FILE_ONLY___ ═
2024-11-06 14:22:41,516 INFO     ___FILE_ONLY___ ═
2024-11-06 14:22:41,516 INFO     ___FILE_ONLY___ ═
2024-11-06 14:22:41,516 INFO     ___FILE_ONLY___ ═
2024-11-06 14:22:41,516 INFO     ___FILE_ONLY___ ═
2024-11-06 14:22:41,516 INFO     ___FILE_ONLY___ ═
2024-11-06 14:22:41,516 INFO     ___FILE_ONLY___ ═
2024-11-06 14:22:41,516 INFO     ___FILE_ONLY___ ═
2024-11-06 14:22:41,516 INFO     ___FILE_ONLY___ ═
2024-11-06 14:22:41,516 INFO     ___FILE_ONLY___ ═
2024-11-06 14:22:41,517 INFO     ___FILE_ONLY___ ═
2024-11-06 14:22:41,517 INFO     ___FILE_ONLY___ ═
2024-11-06 14:22:41,517 INFO     ___FILE_ONLY___ ═
2024-11-06 14:22:41,517 INFO     ___FILE_ONLY___ ═
2024-11-06 14:22:41,517 INFO     ___FILE_ONLY___ ═
2024-11-06 14:22:41,517 INFO     ___FILE_ONLY___ ═
2024-11-06 14:22:41,517 INFO     ___FILE_ONLY___ ╝

2024-11-06 14:22:41,519 INFO     ___FILE_ONLY___ ╔════════════════════════════════════════════════════════════╗

2024-11-06 14:22:41,520 INFO     ___FILE_ONLY___ ╠═ Downloading: gcloud cli dependencies (Platform Specific) ═╣

2024-11-06 14:22:41,520 INFO     ___FILE_ONLY___ ╚
2024-11-06 14:22:41,523 DEBUG    urllib3.connectionpool Starting new HTTPS connection (1): dl.google.com:443
2024-11-06 14:22:41,605 DEBUG    urllib3.connectionpool https://dl.google.com:443 "GET /dl/cloudsdk/channels/rapid/components/google-cloud-sdk-gcloud-deps-linux-x86_64-20210416153011.tar.gz HTTP/1.1" 200 104
2024-11-06 14:22:41,605 INFO     ___FILE_ONLY___ ════════════════════════════════════════════════════════════
2024-11-06 14:22:41,606 INFO     ___FILE_ONLY___ ╝

2024-11-06 14:22:41,608 INFO     ___FILE_ONLY___ ╔════════════════════════════════════════════════════════════╗

2024-11-06 14:22:41,608 INFO     ___FILE_ONLY___ ╠═ Installing: BigQuery Command Line Tool                   ═╣

2024-11-06 14:22:41,608 INFO     ___FILE_ONLY___ ╚
2024-11-06 14:22:41,739 INFO     ___FILE_ONLY___ ═
2024-11-06 14:22:41,742 INFO     ___FILE_ONLY___ ═
2024-11-06 14:22:41,745 INFO     ___FILE_ONLY___ ═
2024-11-06 14:22:41,748 INFO     ___FILE_ONLY___ ═
2024-11-06 14:22:41,751 INFO     ___FILE_ONLY___ ═
2024-11-06 14:22:41,754 INFO     ___FILE_ONLY___ ═
2024-11-06 14:22:41,756 INFO     ___FILE_ONLY___ ═
2024-11-06 14:22:41,759 INFO     ___FILE_ONLY___ ═
2024-11-06 14:22:41,761 INFO     ___FILE_ONLY___ ═
2024-11-06 14:22:41,764 INFO     ___FILE_ONLY___ ═
2024-11-06 14:22:41,766 INFO     ___FILE_ONLY___ ═
2024-11-06 14:22:41,768 INFO     ___FILE_ONLY___ ═
2024-11-06 14:22:41,771 INFO     ___FILE_ONLY___ ═
2024-11-06 14:22:41,774 INFO     ___FILE_ONLY___ ═
2024-11-06 14:22:41,776 INFO     ___FILE_ONLY___ ═
2024-11-06 14:22:41,779 INFO     ___FILE_ONLY___ ═
2024-11-06 14:22:41,781 INFO     ___FILE_ONLY___ ═
2024-11-06 14:22:41,785 INFO     ___FILE_ONLY___ ═
2024-11-06 14:22:41,787 INFO     ___FILE_ONLY___ ═
2024-11-06 14:22:41,790 INFO     ___FILE_ONLY___ ═
2024-11-06 14:22:41,793 INFO     ___FILE_ONLY___ ═
2024-11-06 14:22:41,795 INFO     ___FILE_ONLY___ ═
2024-11-06 14:22:41,797 INFO     ___FILE_ONLY___ ═
2024-11-06 14:22:41,799 INFO     ___FILE_ONLY___ ═
2024-11-06 14:22:41,802 INFO     ___FILE_ONLY___ ═
2024-11-06 14:22:41,804 INFO     ___FILE_ONLY___ ═
2024-11-06 14:22:41,807 INFO     ___FILE_ONLY___ ═
2024-11-06 14:22:41,810 INFO     ___FILE_ONLY___ ═
2024-11-06 14:22:41,814 INFO     ___FILE_ONLY___ ═
2024-11-06 14:22:41,816 INFO     ___FILE_ONLY___ ═
2024-11-06 14:22:41,818 INFO     ___FILE_ONLY___ ═
2024-11-06 14:22:41,821 INFO     ___FILE_ONLY___ ═
2024-11-06 14:22:41,824 INFO     ___FILE_ONLY___ ═
2024-11-06 14:22:41,828 INFO     ___FILE_ONLY___ ═
2024-11-06 14:22:41,838 INFO     ___FILE_ONLY___ ═
2024-11-06 14:22:41,839 INFO     ___FILE_ONLY___ ═
2024-11-06 14:22:41,842 INFO     ___FILE_ONLY___ ═
2024-11-06 14:22:41,848 INFO     ___FILE_ONLY___ ═
2024-11-06 14:22:41,851 INFO     ___FILE_ONLY___ ═
2024-11-06 14:22:41,853 INFO     ___FILE_ONLY___ ═
2024-11-06 14:22:41,856 INFO     ___FILE_ONLY___ ═
2024-11-06 14:22:41,858 INFO     ___FILE_ONLY___ ═
2024-11-06 14:22:41,863 INFO     ___FILE_ONLY___ ═
2024-11-06 14:22:41,866 INFO     ___FILE_ONLY___ ═
2024-11-06 14:22:41,868 INFO     ___FILE_ONLY___ ═
2024-11-06 14:22:41,871 INFO     ___FILE_ONLY___ ═
2024-11-06 14:22:41,873 INFO     ___FILE_ONLY___ ═
2024-11-06 14:22:41,875 INFO     ___FILE_ONLY___ ═
2024-11-06 14:22:41,878 INFO     ___FILE_ONLY___ ═
2024-11-06 14:22:41,881 INFO     ___FILE_ONLY___ ═
2024-11-06 14:22:41,883 INFO     ___FILE_ONLY___ ═
2024-11-06 14:22:41,885 INFO     ___FILE_ONLY___ ═
2024-11-06 14:22:41,887 INFO     ___FILE_ONLY___ ═
2024-11-06 14:22:41,890 INFO     ___FILE_ONLY___ ═
2024-11-06 14:22:41,893 INFO     ___FILE_ONLY___ ═
2024-11-06 14:22:41,895 INFO     ___FILE_ONLY___ ═
2024-11-06 14:22:41,897 INFO     ___FILE_ONLY___ ═
2024-11-06 14:22:41,899 INFO     ___FILE_ONLY___ ═
2024-11-06 14:22:41,902 INFO     ___FILE_ONLY___ ═
2024-11-06 14:22:41,905 INFO     ___FILE_ONLY___ ═
2024-11-06 14:22:41,905 INFO     ___FILE_ONLY___ ╝

2024-11-06 14:22:41,922 INFO     ___FILE_ONLY___ ╔════════════════════════════════════════════════════════════╗

2024-11-06 14:22:41,922 INFO     ___FILE_ONLY___ ╠═ Installing: BigQuery Command Line Tool (Platform Spec... ═╣

2024-11-06 14:22:41,922 INFO     ___FILE_ONLY___ ╚
2024-11-06 14:22:41,923 INFO     ___FILE_ONLY___ ════════════════════════════════════════════════════════════
2024-11-06 14:22:41,923 INFO     ___FILE_ONLY___ ╝

2024-11-06 14:22:41,931 INFO     ___FILE_ONLY___ ╔════════════════════════════════════════════════════════════╗

2024-11-06 14:22:41,932 INFO     ___FILE_ONLY___ ╠═ Installing: Bundled Python 3.11                          ═╣

2024-11-06 14:22:41,932 INFO     ___FILE_ONLY___ ╚
2024-11-06 14:22:41,938 INFO     ___FILE_ONLY___ ════════════════════════════════════════════════════════════
2024-11-06 14:22:41,938 INFO     ___FILE_ONLY___ ╝

2024-11-06 14:22:41,939 INFO     ___FILE_ONLY___ ╔════════════════════════════════════════════════════════════╗

2024-11-06 14:22:41,940 INFO     ___FILE_ONLY___ ╠═ Installing: Bundled Python 3.11 (Platform Specific)      ═╣

2024-11-06 14:22:41,940 INFO     ___FILE_ONLY___ ╚
2024-11-06 14:22:44,257 INFO     ___FILE_ONLY___ ═
2024-11-06 14:22:44,274 INFO     ___FILE_ONLY___ ═
2024-11-06 14:22:44,289 INFO     ___FILE_ONLY___ ═
2024-11-06 14:22:44,303 INFO     ___FILE_ONLY___ ═
2024-11-06 14:22:44,317 INFO     ___FILE_ONLY___ ═
2024-11-06 14:22:44,332 INFO     ___FILE_ONLY___ ═
2024-11-06 14:22:44,346 INFO     ___FILE_ONLY___ ═
2024-11-06 14:22:44,361 INFO     ___FILE_ONLY___ ═
2024-11-06 14:22:44,375 INFO     ___FILE_ONLY___ ═
2024-11-06 14:22:44,389 INFO     ___FILE_ONLY___ ═
2024-11-06 14:22:44,403 INFO     ___FILE_ONLY___ ═
2024-11-06 14:22:44,417 INFO     ___FILE_ONLY___ ═
2024-11-06 14:22:44,431 INFO     ___FILE_ONLY___ ═
2024-11-06 14:22:44,445 INFO     ___FILE_ONLY___ ═
2024-11-06 14:22:44,459 INFO     ___FILE_ONLY___ ═
2024-11-06 14:22:44,474 INFO     ___FILE_ONLY___ ═
2024-11-06 14:22:44,489 INFO     ___FILE_ONLY___ ═
2024-11-06 14:22:44,503 INFO     ___FILE_ONLY___ ═
2024-11-06 14:22:44,516 INFO     ___FILE_ONLY___ ═
2024-11-06 14:22:44,531 INFO     ___FILE_ONLY___ ═
2024-11-06 14:22:44,545 INFO     ___FILE_ONLY___ ═
2024-11-06 14:22:44,562 INFO     ___FILE_ONLY___ ═
2024-11-06 14:22:44,577 INFO     ___FILE_ONLY___ ═
2024-11-06 14:22:44,591 INFO     ___FILE_ONLY___ ═
2024-11-06 14:22:44,606 INFO     ___FILE_ONLY___ ═
2024-11-06 14:22:44,621 INFO     ___FILE_ONLY___ ═
2024-11-06 14:22:44,634 INFO     ___FILE_ONLY___ ═
2024-11-06 14:22:44,648 INFO     ___FILE_ONLY___ ═
2024-11-06 14:22:44,663 INFO     ___FILE_ONLY___ ═
2024-11-06 14:22:44,678 INFO     ___FILE_ONLY___ ═
2024-11-06 14:22:44,692 INFO     ___FILE_ONLY___ ═
2024-11-06 14:22:44,706 INFO     ___FILE_ONLY___ ═
2024-11-06 14:22:44,720 INFO     ___FILE_ONLY___ ═
2024-11-06 14:22:44,734 INFO     ___FILE_ONLY___ ═
2024-11-06 14:22:44,749 INFO     ___FILE_ONLY___ ═
2024-11-06 14:22:44,763 INFO     ___FILE_ONLY___ ═
2024-11-06 14:22:45,563 INFO     ___FILE_ONLY___ ═
2024-11-06 14:22:45,601 INFO     ___FILE_ONLY___ ═
2024-11-06 14:22:45,629 INFO     ___FILE_ONLY___ ═
2024-11-06 14:22:45,658 INFO     ___FILE_ONLY___ ═
2024-11-06 14:22:45,690 INFO     ___FILE_ONLY___ ═
2024-11-06 14:22:45,838 INFO     ___FILE_ONLY___ ═
2024-11-06 14:22:45,870 INFO     ___FILE_ONLY___ ═
2024-11-06 14:22:45,892 INFO     ___FILE_ONLY___ ═
2024-11-06 14:22:45,910 INFO     ___FILE_ONLY___ ═
2024-11-06 14:22:45,931 INFO     ___FILE_ONLY___ ═
2024-11-06 14:22:45,963 INFO     ___FILE_ONLY___ ═
2024-11-06 14:22:45,987 INFO     ___FILE_ONLY___ ═
2024-11-06 14:22:46,007 INFO     ___FILE_ONLY___ ═
2024-11-06 14:22:46,024 INFO     ___FILE_ONLY___ ═
2024-11-06 14:22:46,125 INFO     ___FILE_ONLY___ ═
2024-11-06 14:22:46,147 INFO     ___FILE_ONLY___ ═
2024-11-06 14:22:46,168 INFO     ___FILE_ONLY___ ═
2024-11-06 14:22:46,189 INFO     ___FILE_ONLY___ ═
2024-11-06 14:22:46,236 INFO     ___FILE_ONLY___ ═
2024-11-06 14:22:46,631 INFO     ___FILE_ONLY___ ═
2024-11-06 14:22:46,651 INFO     ___FILE_ONLY___ ═
2024-11-06 14:22:46,673 INFO     ___FILE_ONLY___ ═
2024-11-06 14:22:46,693 INFO     ___FILE_ONLY___ ═
2024-11-06 14:22:47,087 INFO     ___FILE_ONLY___ ═
2024-11-06 14:22:47,087 INFO     ___FILE_ONLY___ ╝

2024-11-06 14:22:47,206 INFO     ___FILE_ONLY___ ╔════════════════════════════════════════════════════════════╗

2024-11-06 14:22:47,206 INFO     ___FILE_ONLY___ ╠═ Installing: Cloud Storage Command Line Tool              ═╣

2024-11-06 14:22:47,206 INFO     ___FILE_ONLY___ ╚
2024-11-06 14:22:47,904 INFO     ___FILE_ONLY___ ═
2024-11-06 14:22:47,920 INFO     ___FILE_ONLY___ ═
2024-11-06 14:22:47,942 INFO     ___FILE_ONLY___ ═
2024-11-06 14:22:47,963 INFO     ___FILE_ONLY___ ═
2024-11-06 14:22:47,977 INFO     ___FILE_ONLY___ ═
2024-11-06 14:22:47,987 INFO     ___FILE_ONLY___ ═
2024-11-06 14:22:47,997 INFO     ___FILE_ONLY___ ═
2024-11-06 14:22:48,009 INFO     ___FILE_ONLY___ ═
2024-11-06 14:22:48,019 INFO     ___FILE_ONLY___ ═
2024-11-06 14:22:48,030 INFO     ___FILE_ONLY___ ═
2024-11-06 14:22:48,043 INFO     ___FILE_ONLY___ ═
2024-11-06 14:22:48,054 INFO     ___FILE_ONLY___ ═
2024-11-06 14:22:48,069 INFO     ___FILE_ONLY___ ═
2024-11-06 14:22:48,082 INFO     ___FILE_ONLY___ ═
2024-11-06 14:22:48,098 INFO     ___FILE_ONLY___ ═
2024-11-06 14:22:48,113 INFO     ___FILE_ONLY___ ═
2024-11-06 14:22:48,130 INFO     ___FILE_ONLY___ ═
2024-11-06 14:22:48,145 INFO     ___FILE_ONLY___ ═
2024-11-06 14:22:48,159 INFO     ___FILE_ONLY___ ═
2024-11-06 14:22:48,175 INFO     ___FILE_ONLY___ ═
2024-11-06 14:22:48,190 INFO     ___FILE_ONLY___ ═
2024-11-06 14:22:48,207 INFO     ___FILE_ONLY___ ═
2024-11-06 14:22:48,221 INFO     ___FILE_ONLY___ ═
2024-11-06 14:22:48,235 INFO     ___FILE_ONLY___ ═
2024-11-06 14:22:48,251 INFO     ___FILE_ONLY___ ═
2024-11-06 14:22:48,268 INFO     ___FILE_ONLY___ ═
2024-11-06 14:22:48,286 INFO     ___FILE_ONLY___ ═
2024-11-06 14:22:48,307 INFO     ___FILE_ONLY___ ═
2024-11-06 14:22:48,330 INFO     ___FILE_ONLY___ ═
2024-11-06 14:22:48,344 INFO     ___FILE_ONLY___ ═
2024-11-06 14:22:48,354 INFO     ___FILE_ONLY___ ═
2024-11-06 14:22:48,368 INFO     ___FILE_ONLY___ ═
2024-11-06 14:22:48,379 INFO     ___FILE_ONLY___ ═
2024-11-06 14:22:48,390 INFO     ___FILE_ONLY___ ═
2024-11-06 14:22:48,403 INFO     ___FILE_ONLY___ ═
2024-11-06 14:22:48,417 INFO     ___FILE_ONLY___ ═
2024-11-06 14:22:48,428 INFO     ___FILE_ONLY___ ═
2024-11-06 14:22:48,439 INFO     ___FILE_ONLY___ ═
2024-11-06 14:22:48,450 INFO     ___FILE_ONLY___ ═
2024-11-06 14:22:48,462 INFO     ___FILE_ONLY___ ═
2024-11-06 14:22:48,501 INFO     ___FILE_ONLY___ ═
2024-11-06 14:22:48,517 INFO     ___FILE_ONLY___ ═
2024-11-06 14:22:48,531 INFO     ___FILE_ONLY___ ═
2024-11-06 14:22:48,544 INFO     ___FILE_ONLY___ ═
2024-11-06 14:22:48,555 INFO     ___FILE_ONLY___ ═
2024-11-06 14:22:48,566 INFO     ___FILE_ONLY___ ═
2024-11-06 14:22:48,578 INFO     ___FILE_ONLY___ ═
2024-11-06 14:22:48,591 INFO     ___FILE_ONLY___ ═
2024-11-06 14:22:48,611 INFO     ___FILE_ONLY___ ═
2024-11-06 14:22:48,624 INFO     ___FILE_ONLY___ ═
2024-11-06 14:22:48,634 INFO     ___FILE_ONLY___ ═
2024-11-06 14:22:48,644 INFO     ___FILE_ONLY___ ═
2024-11-06 14:22:48,661 INFO     ___FILE_ONLY___ ═
2024-11-06 14:22:48,674 INFO     ___FILE_ONLY___ ═
2024-11-06 14:22:48,689 INFO     ___FILE_ONLY___ ═
2024-11-06 14:22:48,706 INFO     ___FILE_ONLY___ ═
2024-11-06 14:22:48,720 INFO     ___FILE_ONLY___ ═
2024-11-06 14:22:48,733 INFO     ___FILE_ONLY___ ═
2024-11-06 14:22:48,743 INFO     ___FILE_ONLY___ ═
2024-11-06 14:22:48,754 INFO     ___FILE_ONLY___ ═
2024-11-06 14:22:48,754 INFO     ___FILE_ONLY___ ╝

2024-11-06 14:22:48,832 INFO     ___FILE_ONLY___ ╔════════════════════════════════════════════════════════════╗

2024-11-06 14:22:48,832 INFO     ___FILE_ONLY___ ╠═ Installing: Cloud Storage Command Line Tool (Platform... ═╣

2024-11-06 14:22:48,832 INFO     ___FILE_ONLY___ ╚
2024-11-06 14:22:48,833 INFO     ___FILE_ONLY___ ════════════════════════════════════════════════════════════
2024-11-06 14:22:48,833 INFO     ___FILE_ONLY___ ╝

2024-11-06 14:22:48,841 INFO     ___FILE_ONLY___ ╔════════════════════════════════════════════════════════════╗

2024-11-06 14:22:48,841 INFO     ___FILE_ONLY___ ╠═ Installing: Default set of gcloud commands               ═╣

2024-11-06 14:22:48,841 INFO     ___FILE_ONLY___ ╚
2024-11-06 14:22:48,847 INFO     ___FILE_ONLY___ ════════════════════════════════════════════════════════════
2024-11-06 14:22:48,847 INFO     ___FILE_ONLY___ ╝

2024-11-06 14:22:48,849 INFO     ___FILE_ONLY___ ╔════════════════════════════════════════════════════════════╗

2024-11-06 14:22:48,849 INFO     ___FILE_ONLY___ ╠═ Installing: Google Cloud CLI Core Libraries (Platform... ═╣

2024-11-06 14:22:48,849 INFO     ___FILE_ONLY___ ╚
2024-11-06 14:22:48,850 INFO     ___FILE_ONLY___ ══════════════════════════════
2024-11-06 14:22:48,850 INFO     ___FILE_ONLY___ ══════════════════════════════
2024-11-06 14:22:48,850 INFO     ___FILE_ONLY___ ╝

2024-11-06 14:22:48,858 INFO     ___FILE_ONLY___ ╔════════════════════════════════════════════════════════════╗

2024-11-06 14:22:48,858 INFO     ___FILE_ONLY___ ╠═ Installing: Google Cloud CRC32C Hash Tool                ═╣

2024-11-06 14:22:48,858 INFO     ___FILE_ONLY___ ╚
2024-11-06 14:22:48,864 INFO     ___FILE_ONLY___ ════════════════════════════════════════════════════════════
2024-11-06 14:22:48,864 INFO     ___FILE_ONLY___ ╝

2024-11-06 14:22:48,866 INFO     ___FILE_ONLY___ ╔════════════════════════════════════════════════════════════╗

2024-11-06 14:22:48,866 INFO     ___FILE_ONLY___ ╠═ Installing: Google Cloud CRC32C Hash Tool (Platform S... ═╣

2024-11-06 14:22:48,866 INFO     ___FILE_ONLY___ ╚
2024-11-06 14:22:48,912 INFO     ___FILE_ONLY___ ══════════════════════════════
2024-11-06 14:22:48,912 INFO     ___FILE_ONLY___ ══════════════════════════════
2024-11-06 14:22:48,912 INFO     ___FILE_ONLY___ ╝

2024-11-06 14:22:48,923 INFO     ___FILE_ONLY___ ╔════════════════════════════════════════════════════════════╗

2024-11-06 14:22:48,923 INFO     ___FILE_ONLY___ ╠═ Installing: gcloud cli dependencies (Platform Specific)  ═╣

2024-11-06 14:22:48,924 INFO     ___FILE_ONLY___ ╚
2024-11-06 14:22:48,924 INFO     ___FILE_ONLY___ ════════════════════════════════════════════════════════════
2024-11-06 14:22:48,924 INFO     ___FILE_ONLY___ ╝

2024-11-06 14:22:48,937 DEBUG    root            Updating notification cache...
2024-11-06 14:22:48,937 INFO     ___FILE_ONLY___ 

2024-11-06 14:22:48,940 INFO     ___FILE_ONLY___ Performing post processing steps...
2024-11-06 14:22:48,940 DEBUG    root            Executing command: ['/tools/google-cloud-sdk/bin/gcloud', 'components', 'post-process']
2024-11-06 14:23:01,109 DEBUG    ___FILE_ONLY___ 
2024-11-06 14:23:01,109 DEBUG    ___FILE_ONLY___ 
2024-11-06 14:23:01,279 INFO     ___FILE_ONLY___ 
Update done!


2024-11-06 14:23:01,283 DEBUG    root            Chosen display Format:none
2024-11-06 14:23:01,284 INFO     root            Display format: "none"
