2024-11-06 14:23:01,962 DEBUG    root            Loaded Command Group: ['gcloud', 'components']
2024-11-06 14:23:01,965 DEBUG    root            Loaded Command Group: ['gcloud', 'components', 'update']
2024-11-06 14:23:01,968 DEBUG    root            Running [gcloud.components.update] with arguments: [--quiet: "True", COMPONENT-IDS:8: "['gcloud', 'core', 'bq', 'gsutil', 'compute', 'preview', 'alpha', 'beta']"]
2024-11-06 14:23:01,969 INFO     ___FILE_ONLY___ Beginning update. This process may take several minutes.

2024-11-06 14:23:01,981 DEBUG    urllib3.connectionpool Starting new HTTPS connection (1): dl.google.com:443
2024-11-06 14:23:02,061 DEBUG    urllib3.connectionpool https://dl.google.com:443 "GET /dl/cloudsdk/channels/rapid/components-2.json HTTP/1.1" 200 226997
2024-11-06 14:23:02,095 WARNING  root            Component [preview] no longer exists.
2024-11-06 14:23:02,096 WARNING  root            Component [compute] no longer exists.
2024-11-06 14:23:02,097 INFO     ___FILE_ONLY___ 

2024-11-06 14:23:02,097 INFO     ___FILE_ONLY___ 
Your current Google Cloud CLI version is: 499.0.0

2024-11-06 14:23:02,097 INFO     ___FILE_ONLY___ Installing components from version: 499.0.0

2024-11-06 14:23:02,097 INFO     ___FILE_ONLY___ 

2024-11-06 14:23:02,098 DEBUG    root            Chosen display Format:table[box,title="These components will be removed."](details.display_name:label=Name:align=left,version.version_string:label=Version:align=right,data.size.size(zero="",min=1048576):label=Size:align=right)
2024-11-06 14:23:02,098 DEBUG    root            Chosen display Format:table[box,title="These components will be updated."](details.display_name:label=Name:align=left,version.version_string:label=Version:align=right,data.size.size(zero="",min=1048576):label=Size:align=right)
2024-11-06 14:23:02,099 DEBUG    root            Chosen display Format:table[box,title="These components will be installed."](details.display_name:label=Name:align=left,version.version_string:label=Version:align=right,data.size.size(zero="",min=1048576):label=Size:align=right)
2024-11-06 14:23:02,121 INFO     ___FILE_ONLY___ ┌──────────────────────────────────────────────┐
2024-11-06 14:23:02,121 INFO     ___FILE_ONLY___ 

2024-11-06 14:23:02,121 INFO     ___FILE_ONLY___ │     These components will be installed.      │
2024-11-06 14:23:02,122 INFO     ___FILE_ONLY___ 

2024-11-06 14:23:02,122 INFO     ___FILE_ONLY___ ├───────────────────────┬────────────┬─────────┤
2024-11-06 14:23:02,122 INFO     ___FILE_ONLY___ 

2024-11-06 14:23:02,122 INFO     ___FILE_ONLY___ │          Name         │  Version   │   Size  │
2024-11-06 14:23:02,122 INFO     ___FILE_ONLY___ 

2024-11-06 14:23:02,122 INFO     ___FILE_ONLY___ ├───────────────────────┼────────────┼─────────┤
2024-11-06 14:23:02,122 INFO     ___FILE_ONLY___ 

2024-11-06 14:23:02,122 INFO     ___FILE_ONLY___ │ 
2024-11-06 14:23:02,122 INFO     ___FILE_ONLY___ gcloud Alpha Commands
2024-11-06 14:23:02,122 INFO     ___FILE_ONLY___  
2024-11-06 14:23:02,122 INFO     ___FILE_ONLY___ │ 
2024-11-06 14:23:02,122 INFO     ___FILE_ONLY___ 2024.10.25
2024-11-06 14:23:02,122 INFO     ___FILE_ONLY___  
2024-11-06 14:23:02,122 INFO     ___FILE_ONLY___ │ 
2024-11-06 14:23:02,123 INFO     ___FILE_ONLY___ < 1 MiB
2024-11-06 14:23:02,123 INFO     ___FILE_ONLY___  
2024-11-06 14:23:02,123 INFO     ___FILE_ONLY___ │
2024-11-06 14:23:02,123 INFO     ___FILE_ONLY___ 

2024-11-06 14:23:02,123 INFO     ___FILE_ONLY___ │ 
2024-11-06 14:23:02,123 INFO     ___FILE_ONLY___ gcloud Beta Commands 
2024-11-06 14:23:02,123 INFO     ___FILE_ONLY___  
2024-11-06 14:23:02,123 INFO     ___FILE_ONLY___ │ 
2024-11-06 14:23:02,123 INFO     ___FILE_ONLY___ 2024.10.25
2024-11-06 14:23:02,123 INFO     ___FILE_ONLY___  
2024-11-06 14:23:02,123 INFO     ___FILE_ONLY___ │ 
2024-11-06 14:23:02,123 INFO     ___FILE_ONLY___ < 1 MiB
2024-11-06 14:23:02,123 INFO     ___FILE_ONLY___  
2024-11-06 14:23:02,123 INFO     ___FILE_ONLY___ │
2024-11-06 14:23:02,124 INFO     ___FILE_ONLY___ 

2024-11-06 14:23:02,124 INFO     ___FILE_ONLY___ └───────────────────────┴────────────┴─────────┘
2024-11-06 14:23:02,124 INFO     ___FILE_ONLY___ 

2024-11-06 14:23:02,124 INFO     ___FILE_ONLY___ 

2024-11-06 14:23:02,127 DEBUG    urllib3.connectionpool Starting new HTTPS connection (1): dl.google.com:443
2024-11-06 14:23:02,194 DEBUG    urllib3.connectionpool https://dl.google.com:443 "GET /dl/cloudsdk/channels/rapid/RELEASE_NOTES HTTP/1.1" 200 1304192
2024-11-06 14:23:02,267 INFO     ___FILE_ONLY___ For the latest full release notes, please visit:
  https://cloud.google.com/sdk/release_notes


2024-11-06 14:23:02,268 INFO     ___FILE_ONLY___ Performing in place update...


2024-11-06 14:23:02,270 INFO     ___FILE_ONLY___ ╔════════════════════════════════════════════════════════════╗

2024-11-06 14:23:02,270 INFO     ___FILE_ONLY___ ╠═ Downloading: gcloud Alpha Commands                       ═╣

2024-11-06 14:23:02,270 INFO     ___FILE_ONLY___ ╚
2024-11-06 14:23:02,274 DEBUG    urllib3.connectionpool Starting new HTTPS connection (1): dl.google.com:443
2024-11-06 14:23:02,338 DEBUG    urllib3.connectionpool https://dl.google.com:443 "GET /dl/cloudsdk/channels/rapid/components/google-cloud-sdk-alpha-20241025173437.tar.gz HTTP/1.1" 200 800
2024-11-06 14:23:02,339 INFO     ___FILE_ONLY___ ════════════════════════════════════════════════════════════
2024-11-06 14:23:02,339 INFO     ___FILE_ONLY___ ╝

2024-11-06 14:23:02,341 INFO     ___FILE_ONLY___ ╔════════════════════════════════════════════════════════════╗

2024-11-06 14:23:02,341 INFO     ___FILE_ONLY___ ╠═ Downloading: gcloud Beta Commands                        ═╣

2024-11-06 14:23:02,341 INFO     ___FILE_ONLY___ ╚
2024-11-06 14:23:02,345 DEBUG    urllib3.connectionpool Starting new HTTPS connection (1): dl.google.com:443
2024-11-06 14:23:02,411 DEBUG    urllib3.connectionpool https://dl.google.com:443 "GET /dl/cloudsdk/channels/rapid/components/google-cloud-sdk-beta-20241025173437.tar.gz HTTP/1.1" 200 797
2024-11-06 14:23:02,412 INFO     ___FILE_ONLY___ ════════════════════════════════════════════════════════════
2024-11-06 14:23:02,412 INFO     ___FILE_ONLY___ ╝

2024-11-06 14:23:02,414 INFO     ___FILE_ONLY___ ╔════════════════════════════════════════════════════════════╗

2024-11-06 14:23:02,414 INFO     ___FILE_ONLY___ ╠═ Installing: gcloud Alpha Commands                        ═╣

2024-11-06 14:23:02,414 INFO     ___FILE_ONLY___ ╚
2024-11-06 14:23:02,415 INFO     ___FILE_ONLY___ ════════════════════════════════════════════════════════════
2024-11-06 14:23:02,416 INFO     ___FILE_ONLY___ ╝

2024-11-06 14:23:02,425 INFO     ___FILE_ONLY___ ╔════════════════════════════════════════════════════════════╗

2024-11-06 14:23:02,425 INFO     ___FILE_ONLY___ ╠═ Installing: gcloud Beta Commands                         ═╣

2024-11-06 14:23:02,425 INFO     ___FILE_ONLY___ ╚
2024-11-06 14:23:02,426 INFO     ___FILE_ONLY___ ════════════════════════════════════════════════════════════
2024-11-06 14:23:02,426 INFO     ___FILE_ONLY___ ╝

2024-11-06 14:23:02,436 DEBUG    root            Updating notification cache...
2024-11-06 14:23:02,437 INFO     ___FILE_ONLY___ 

2024-11-06 14:23:02,439 INFO     ___FILE_ONLY___ Performing post processing steps...
2024-11-06 14:23:02,440 DEBUG    root            Executing command: ['/tools/google-cloud-sdk/bin/gcloud', 'components', 'post-process']
2024-11-06 14:23:15,101 DEBUG    ___FILE_ONLY___ 
2024-11-06 14:23:15,101 DEBUG    ___FILE_ONLY___ 
2024-11-06 14:23:15,223 INFO     ___FILE_ONLY___ 
Update done!


2024-11-06 14:23:15,226 DEBUG    root            Chosen display Format:none
2024-11-06 14:23:15,227 INFO     root            Display format: "none"
